Using pre-set license
Built from '2020.3/staging' branch; Version is '2020.3.48f1 (b805b124c6b7) revision 12060081'; Using compiler version '192528614'; Build Type 'Release'
OS: 'Windows 10  (10.0.19045) 64bit Education' Language: 'es' Physical Memory: 32633 MB
BatchMode: 1, IsHumanControllingUs: 0, StartBugReporterOnCrash: 0, Is64bit: 1, IsPro: 0

COMMAND LINE ARGUMENTS:
C:\Program Files\Unity 2020.3.48f1\Editor\Unity.exe
-adb2
-batchMode
-noUpm
-name
AssetImportWorker0
-projectPath
C:/Users/usuariocc/Downloads/Ovejas
-logFile
Logs/AssetImportWorker0.log
-srvPort
50819
Successfully changed project path to: C:/Users/usuariocc/Downloads/Ovejas
C:/Users/usuariocc/Downloads/Ovejas
Using Asset Import Pipeline V2.
Player connection [3744] Host "[IP] 192.168.13.49 [Port] 2953007648 [Flags] 2 [Guid] 3397257336 [EditorId] 3397257336 [Version] 1048832 [Id] WindowsEditor(7,T104-19) [Debug] 1 [PackageName] WindowsEditor [ProjectName] Editor" joined multi-casting on [225.0.0.222:54997]...

Player connection [3744] Host "[IP] 192.168.13.49 [Port] 2953007648 [Flags] 2 [Guid] 3397257336 [EditorId] 3397257336 [Version] 1048832 [Id] WindowsEditor(7,T104-19) [Debug] 1 [PackageName] WindowsEditor [ProjectName] Editor" joined alternative multi-casting on [225.0.0.222:34997]...

Refreshing native plugins compatible for Editor in 28.79 ms, found 2 plugins.
Preloading 0 native plugins for Editor in 0.00 ms.
Initialize engine version: 2020.3.48f1 (b805b124c6b7)
[Subsystems] Discovering subsystems at path C:/Program Files/Unity 2020.3.48f1/Editor/Data/Resources/UnitySubsystems
[Subsystems] Discovering subsystems at path C:/Users/usuariocc/Downloads/Ovejas/Assets
GfxDevice: creating device client; threaded=0
Direct3D:
    Version:  Direct3D 11.0 [level 11.1]
    Renderer: Radeon RX 550X (ID=0x699f)
    Vendor:   
    VRAM:     4075 MB
    Driver:   31.0.12018.2003
Initialize mono
Mono path[0] = 'C:/Program Files/Unity 2020.3.48f1/Editor/Data/Managed'
Mono path[1] = 'C:/Program Files/Unity 2020.3.48f1/Editor/Data/MonoBleedingEdge/lib/mono/unityjit'
Mono config path = 'C:/Program Files/Unity 2020.3.48f1/Editor/Data/MonoBleedingEdge/etc'
Using monoOptions --debugger-agent=transport=dt_socket,embedding=1,server=y,suspend=n,address=127.0.0.1:56636
Begin MonoManager ReloadAssembly
Registering precompiled unity dll's ...
Register platform support module: C:/Program Files/Unity 2020.3.48f1/Editor/Data/PlaybackEngines/WindowsStandaloneSupport/UnityEditor.WindowsStandalone.Extensions.dll
Registered in 0.001828 seconds.
Native extension for WindowsStandalone target not found
Refreshing native plugins compatible for Editor in 27.93 ms, found 2 plugins.
Preloading 0 native plugins for Editor in 0.00 ms.
Mono: successfully reloaded assembly
- Completed reload, in  0.586 seconds
Domain Reload Profiling:
	ReloadAssembly (586ms)
		BeginReloadAssembly (66ms)
			ExecutionOrderSort (0ms)
			DisableScriptedObjects (0ms)
			BackupInstance (0ms)
			ReleaseScriptingObjects (0ms)
			CreateAndSetChildDomain (1ms)
		EndReloadAssembly (446ms)
			LoadAssemblies (64ms)
			RebuildTransferFunctionScriptingTraits (0ms)
			SetupTypeCache (157ms)
			ReleaseScriptCaches (0ms)
			RebuildScriptCaches (34ms)
			SetupLoadedEditorAssemblies (158ms)
				LogAssemblyErrors (0ms)
				InitializePlatformSupportModulesInManaged (5ms)
				SetLoadedEditorAssemblies (0ms)
				RefreshPlugins (28ms)
				BeforeProcessingInitializeOnLoad (8ms)
				ProcessInitializeOnLoadAttributes (86ms)
				ProcessInitializeOnLoadMethodAttributes (30ms)
				AfterProcessingInitializeOnLoad (0ms)
				EditorAssembliesLoaded (0ms)
			ExecutionOrderSort2 (0ms)
			AwakeInstancesAfterBackupRestoration (0ms)
Platform modules already initialized, skipping
Registering precompiled user dll's ...
Registered in 0.003145 seconds.
Begin MonoManager ReloadAssembly
Native extension for WindowsStandalone target not found
Refreshing native plugins compatible for Editor in 0.29 ms, found 2 plugins.
Preloading 0 native plugins for Editor in 0.00 ms.
Mono: successfully reloaded assembly
- Completed reload, in  1.013 seconds
Domain Reload Profiling:
	ReloadAssembly (1014ms)
		BeginReloadAssembly (154ms)
			ExecutionOrderSort (0ms)
			DisableScriptedObjects (5ms)
			BackupInstance (0ms)
			ReleaseScriptingObjects (0ms)
			CreateAndSetChildDomain (20ms)
		EndReloadAssembly (796ms)
			LoadAssemblies (96ms)
			RebuildTransferFunctionScriptingTraits (0ms)
			SetupTypeCache (277ms)
			ReleaseScriptCaches (0ms)
			RebuildScriptCaches (44ms)
			SetupLoadedEditorAssemblies (303ms)
				LogAssemblyErrors (0ms)
				InitializePlatformSupportModulesInManaged (5ms)
				SetLoadedEditorAssemblies (1ms)
				RefreshPlugins (0ms)
				BeforeProcessingInitializeOnLoad (59ms)
				ProcessInitializeOnLoadAttributes (222ms)
				ProcessInitializeOnLoadMethodAttributes (10ms)
				AfterProcessingInitializeOnLoad (6ms)
				EditorAssembliesLoaded (0ms)
			ExecutionOrderSort2 (0ms)
			AwakeInstancesAfterBackupRestoration (2ms)
Platform modules already initialized, skipping
========================================================================
Worker process is ready to serve import requests
Launched and connected shader compiler UnityShaderCompiler.exe after 0.04 seconds
Refreshing native plugins compatible for Editor in 0.30 ms, found 2 plugins.
Preloading 0 native plugins for Editor in 0.00 ms.
Unloading 1342 Unused Serialized files (Serialized files now loaded: 0)
System memory in use before: 65.8 MB.
System memory in use after: 65.9 MB.

Unloading 16 unused Assets to reduce memory usage. Loaded Objects now: 1779.
Total: 2.513500 ms (FindLiveObjects: 0.104000 ms CreateObjectMapping: 0.034800 ms MarkObjects: 2.301400 ms  DeleteObjects: 0.072600 ms)

AssetImportParameters requested are different than current active one (requested -> active):
  custom:framework-win-MediaFoundation: 216162199b28c13a410421893ffa2e32 -> 
  custom:video-decoder-ogg-theora: a1e56fd34408186e4bbccfd4996cb3dc -> 
  custom:container-muxer-webm: aa71ff27fc2769a1b78a27578f13a17b -> 
  custom:container-demuxer-webm: 4f35f7cbe854078d1ac9338744f61a02 -> 
  custom:container-demuxer-ogg: 62fdf1f143b41e24485cea50d1cbac27 -> 
  custom:video-encoder-webm-vp8: eb34c28f22e8b96e1ab97ce403110664 -> 
  custom:video-decoder-webm-vp8: 9c59270c3fd7afecdb556c50c9e8de78 -> 
  custom:audio-decoder-ogg-vorbis: bf7c407c2cedff20999df2af8eb42d56 -> 
  custom:audio-encoder-webm-vorbis: bf7c407c2cedff20999df2af8eb42d56 -> 
========================================================================
Received Import Request.
  path: Assets/00_Scenes
  artifactKey: Guid(3bf2507133918004e9d6e402b4834c50) Importer(815301076,1909f56bfc062723c751e8b465ee728b)
Start importing Assets/00_Scenes using Guid(3bf2507133918004e9d6e402b4834c50) Importer(815301076,1909f56bfc062723c751e8b465ee728b)  -> (artifact id: 'fd22af81ca00a0adab7f6163853e0f9d') in 0.010114 seconds 
========================================================================
Received Import Request.
  Time since last request: 18.810176 seconds.
  path: Assets/00_Scenes/MainMenu.unity
  artifactKey: Guid(fdf0c6d41cd88144fbfd33764af45a5a) Importer(815301076,1909f56bfc062723c751e8b465ee728b)
Start importing Assets/00_Scenes/MainMenu.unity using Guid(fdf0c6d41cd88144fbfd33764af45a5a) Importer(815301076,1909f56bfc062723c751e8b465ee728b)  -> (artifact id: '299376dfa554affd251a76b436183281') in 0.010798 seconds 
========================================================================
Received Prepare
Registering precompiled user dll's ...
Registered in 0.002835 seconds.
Begin MonoManager ReloadAssembly
Native extension for WindowsStandalone target not found
Refreshing native plugins compatible for Editor in 0.28 ms, found 2 plugins.
Preloading 0 native plugins for Editor in 0.00 ms.
Mono: successfully reloaded assembly
- Completed reload, in  0.911 seconds
Domain Reload Profiling:
	ReloadAssembly (912ms)
		BeginReloadAssembly (112ms)
			ExecutionOrderSort (0ms)
			DisableScriptedObjects (5ms)
			BackupInstance (0ms)
			ReleaseScriptingObjects (0ms)
			CreateAndSetChildDomain (31ms)
		EndReloadAssembly (735ms)
			LoadAssemblies (91ms)
			RebuildTransferFunctionScriptingTraits (0ms)
			SetupTypeCache (273ms)
			ReleaseScriptCaches (1ms)
			RebuildScriptCaches (37ms)
			SetupLoadedEditorAssemblies (259ms)
				LogAssemblyErrors (0ms)
				InitializePlatformSupportModulesInManaged (5ms)
				SetLoadedEditorAssemblies (0ms)
				RefreshPlugins (0ms)
				BeforeProcessingInitializeOnLoad (47ms)
				ProcessInitializeOnLoadAttributes (192ms)
				ProcessInitializeOnLoadMethodAttributes (9ms)
				AfterProcessingInitializeOnLoad (6ms)
				EditorAssembliesLoaded (0ms)
			ExecutionOrderSort2 (0ms)
			AwakeInstancesAfterBackupRestoration (2ms)
Platform modules already initialized, skipping
Refreshing native plugins compatible for Editor in 0.27 ms, found 2 plugins.
Preloading 0 native plugins for Editor in 0.00 ms.
Unloading 1323 Unused Serialized files (Serialized files now loaded: 0)
System memory in use before: 64.4 MB.
System memory in use after: 64.5 MB.

Unloading 11 unused Assets to reduce memory usage. Loaded Objects now: 1782.
Total: 2.535000 ms (FindLiveObjects: 0.101400 ms CreateObjectMapping: 0.035700 ms MarkObjects: 2.374700 ms  DeleteObjects: 0.022400 ms)

AssetImportParameters requested are different than current active one (requested -> active):
  custom:framework-win-MediaFoundation: 216162199b28c13a410421893ffa2e32 -> 
  custom:video-decoder-ogg-theora: a1e56fd34408186e4bbccfd4996cb3dc -> 
  custom:container-muxer-webm: aa71ff27fc2769a1b78a27578f13a17b -> 
  custom:container-demuxer-webm: 4f35f7cbe854078d1ac9338744f61a02 -> 
  custom:container-demuxer-ogg: 62fdf1f143b41e24485cea50d1cbac27 -> 
  custom:video-encoder-webm-vp8: eb34c28f22e8b96e1ab97ce403110664 -> 
  custom:video-decoder-webm-vp8: 9c59270c3fd7afecdb556c50c9e8de78 -> 
  custom:audio-decoder-ogg-vorbis: bf7c407c2cedff20999df2af8eb42d56 -> 
  custom:audio-encoder-webm-vorbis: bf7c407c2cedff20999df2af8eb42d56 -> 
========================================================================
Received Import Request.
  Time since last request: 86.104197 seconds.
  path: Assets/01_Scripts/CameraMovement.cs
  artifactKey: Guid(ff0bf325d75fbdc4eb9c0c6e96e5b29b) Importer(815301076,1909f56bfc062723c751e8b465ee728b)
Start importing Assets/01_Scripts/CameraMovement.cs using Guid(ff0bf325d75fbdc4eb9c0c6e96e5b29b) Importer(815301076,1909f56bfc062723c751e8b465ee728b)  -> (artifact id: '1e0f81fe6fe562a93f749e4e6d579786') in 0.080566 seconds 
========================================================================
Received Import Request.
  Time since last request: 0.604928 seconds.
  path: Assets/01_Scripts/Enemy.cs
  artifactKey: Guid(13d881ced48082b4584f49ac7376c58d) Importer(815301076,1909f56bfc062723c751e8b465ee728b)
Start importing Assets/01_Scripts/Enemy.cs using Guid(13d881ced48082b4584f49ac7376c58d) Importer(815301076,1909f56bfc062723c751e8b465ee728b)  -> (artifact id: '1603a623be8eee8386068635cf972a7a') in 0.008254 seconds 
========================================================================
Received Import Request.
  Time since last request: 0.653056 seconds.
  path: Assets/01_Scripts/EnemySpawner.cs
  artifactKey: Guid(b5d627f7039d33b45bbe6046314a6b6d) Importer(815301076,1909f56bfc062723c751e8b465ee728b)
Start importing Assets/01_Scripts/EnemySpawner.cs using Guid(b5d627f7039d33b45bbe6046314a6b6d) Importer(815301076,1909f56bfc062723c751e8b465ee728b)  -> (artifact id: 'bafafb985090f8d4e26049f048584cfa') in 0.011739 seconds 
========================================================================
Received Import Request.
  Time since last request: 0.522382 seconds.
  path: Assets/01_Scripts/Farm.cs
  artifactKey: Guid(d6358dd6c38960f4d9961e583509aa29) Importer(815301076,1909f56bfc062723c751e8b465ee728b)
Start importing Assets/01_Scripts/Farm.cs using Guid(d6358dd6c38960f4d9961e583509aa29) Importer(815301076,1909f56bfc062723c751e8b465ee728b)  -> (artifact id: '8dd062c9f1d32fa18dbd896b52e0919e') in 0.008174 seconds 
========================================================================
Received Import Request.
  Time since last request: 0.556543 seconds.
  path: Assets/01_Scripts/MapManager.cs
  artifactKey: Guid(498c684646c1cb74ba016161fc4414a3) Importer(815301076,1909f56bfc062723c751e8b465ee728b)
Start importing Assets/01_Scripts/MapManager.cs using Guid(498c684646c1cb74ba016161fc4414a3) Importer(815301076,1909f56bfc062723c751e8b465ee728b)  -> (artifact id: '64fca10a176a08bae4b34998a2db6d75') in 0.008559 seconds 
========================================================================
Received Import Request.
  Time since last request: 0.514413 seconds.
  path: Assets/01_Scripts/Menu.cs
  artifactKey: Guid(043b9e01cff30774e809e159fc49d7b0) Importer(815301076,1909f56bfc062723c751e8b465ee728b)
Start importing Assets/01_Scripts/Menu.cs using Guid(043b9e01cff30774e809e159fc49d7b0) Importer(815301076,1909f56bfc062723c751e8b465ee728b)  -> (artifact id: '28cc07f91936856de6aa06c7498a1490') in 0.011426 seconds 
========================================================================
Received Import Request.
  Time since last request: 1.236571 seconds.
  path: Assets/01_Scripts/Player.cs
  artifactKey: Guid(a1ce2b231ce530146b77c5148b7df004) Importer(815301076,1909f56bfc062723c751e8b465ee728b)
Start importing Assets/01_Scripts/Player.cs using Guid(a1ce2b231ce530146b77c5148b7df004) Importer(815301076,1909f56bfc062723c751e8b465ee728b)  -> (artifact id: 'a7a5ad2e877075c085fc5c62b0e6a619') in 0.008567 seconds 
========================================================================
Received Import Request.
  Time since last request: 0.654830 seconds.
  path: Assets/01_Scripts/SceneManager.cs
  artifactKey: Guid(30b72c39c04ab264cb6932fc79bc1f36) Importer(815301076,1909f56bfc062723c751e8b465ee728b)
Start importing Assets/01_Scripts/SceneManager.cs using Guid(30b72c39c04ab264cb6932fc79bc1f36) Importer(815301076,1909f56bfc062723c751e8b465ee728b)  -> (artifact id: 'eeac82b0c9565710251062e395546470') in 0.010545 seconds 
========================================================================
Received Import Request.
  Time since last request: 0.987780 seconds.
  path: Assets/01_Scripts/Sheep.cs
  artifactKey: Guid(bd2bd14bc57fb7944b2c56c6bef1de9a) Importer(815301076,1909f56bfc062723c751e8b465ee728b)
Start importing Assets/01_Scripts/Sheep.cs using Guid(bd2bd14bc57fb7944b2c56c6bef1de9a) Importer(815301076,1909f56bfc062723c751e8b465ee728b)  -> (artifact id: '0b7a2749fea1aa33a813a320aec563f7') in 0.012134 seconds 
========================================================================
Received Import Request.
  Time since last request: 0.535660 seconds.
  path: Assets/01_Scripts/TimeCycle.cs
  artifactKey: Guid(b8476586b1ca4c5459cf68a74cc10559) Importer(815301076,1909f56bfc062723c751e8b465ee728b)
Start importing Assets/01_Scripts/TimeCycle.cs using Guid(b8476586b1ca4c5459cf68a74cc10559) Importer(815301076,1909f56bfc062723c751e8b465ee728b)  -> (artifact id: '4371a11b7d85f17f73dec2bcc7632f3f') in 0.008100 seconds 
========================================================================
Received Import Request.
  Time since last request: 0.718403 seconds.
  path: Assets/01_Scripts/WheatPlace.cs
  artifactKey: Guid(170cc9035bbf683409badf41e6a45832) Importer(815301076,1909f56bfc062723c751e8b465ee728b)
Start importing Assets/01_Scripts/WheatPlace.cs using Guid(170cc9035bbf683409badf41e6a45832) Importer(815301076,1909f56bfc062723c751e8b465ee728b)  -> (artifact id: 'dd58b2fafbac671f3555fef38eeb8481') in 0.009686 seconds 
========================================================================
Received Import Request.
  Time since last request: 68.022377 seconds.
  path: Assets/00_Scenes/MainGame.unity
  artifactKey: Guid(9fc0d4010bbf28b4594072e72b8655ab) Importer(815301076,1909f56bfc062723c751e8b465ee728b)
Start importing Assets/00_Scenes/MainGame.unity using Guid(9fc0d4010bbf28b4594072e72b8655ab) Importer(815301076,1909f56bfc062723c751e8b465ee728b)  -> (artifact id: '06385ef968925a6fbc9d80981fdc6fea') in 0.009508 seconds 
AssetImportWorkerClient::OnTransportError - code=2 error=End of file
